\\mac\home\documents\iu-cggd-02\bin\debug\09. acceleration structures.exe
\\mac\home\documents\iu-cggd-02\bin\debug\09. acceleration structures.pdb
\\mac\home\documents\iu-cggd-02\obj\debug\09. acceleration structures\vc142.pdb
\\mac\home\documents\iu-cggd-02\obj\debug\09. acceleration structures\ray_generation.obj
\\mac\home\documents\iu-cggd-02\obj\debug\09. acceleration structures\mt_algorithm.obj
\\mac\home\documents\iu-cggd-02\obj\debug\09. acceleration structures\lighting_and_shadows.obj
\\mac\home\documents\iu-cggd-02\obj\debug\09. acceleration structures\acceleration_structures_main.obj
\\mac\home\documents\iu-cggd-02\obj\debug\09. acceleration structures\acceleration_structures.obj
\\mac\home\documents\iu-cggd-02-daria\obj\debug\09. acceleration structures\acceleration_structures.obj
\\mac\home\documents\iu-cggd-02-daria\obj\debug\09. acceleration structures\mt_algorithm.obj
\\mac\home\documents\iu-cggd-02-daria\obj\debug\09. acceleration structures\lighting_and_shadows.obj
\\mac\home\documents\iu-cggd-02-daria\obj\debug\09. acceleration structures\ray_generation.obj
\\mac\home\documents\iu-cggd-02-daria\obj\debug\09. acceleration structures\acceleration_structures_main.obj
\\mac\home\documents\iu-cggd-02-daria\obj\debug\09. acceleration structures\vc142.pdb
\\mac\home\documents\iu-cggd-02-daria\bin\debug\09. acceleration structures.exe
\\mac\home\documents\iu-cggd-02-daria\obj\debug\09. acceleration structures\09. acce.aa0e043e.tlog\link.read.1.tlog
\\mac\home\documents\iu-cggd-02-daria\obj\debug\09. acceleration structures\09. acce.aa0e043e.tlog\link.command.1.tlog
\\mac\home\documents\iu-cggd-02-daria\obj\debug\09. acceleration structures\09. acce.aa0e043e.tlog\link.write.1.tlog
\\mac\home\documents\iu-cggd-02-daria\obj\debug\09. acceleration structures\09. acce.aa0e043e.tlog\cl.read.1.tlog
\\mac\home\documents\iu-cggd-02-daria\obj\debug\09. acceleration structures\09. acce.aa0e043e.tlog\cl.command.1.tlog
\\mac\home\documents\iu-cggd-02-daria\obj\debug\09. acceleration structures\09. acce.aa0e043e.tlog\cl.write.1.tlog
