\\mac\home\documents\iu-cggd-02\bin\debug\10. anti-aliasing.pdb
\\mac\home\documents\iu-cggd-02-daria\bin\debug\10. anti-aliasing.exe
\\mac\home\documents\iu-cggd-02-daria\bin\debug\10. anti-aliasing.pdb
\\mac\home\documents\iu-cggd-02\obj\debug\10. anti-aliasing\vc142.pdb
\\mac\home\documents\iu-cggd-02\obj\debug\10. anti-aliasing\ray_generation.obj
\\mac\home\documents\iu-cggd-02\obj\debug\10. anti-aliasing\mt_algorithm.obj
\\mac\home\documents\iu-cggd-02\obj\debug\10. anti-aliasing\lighting_and_shadows.obj
\\mac\home\documents\iu-cggd-02\obj\debug\10. anti-aliasing\anti_aliasing_main.obj
\\mac\home\documents\iu-cggd-02\obj\debug\10. anti-aliasing\anti_aliasing.obj
\\mac\home\documents\iu-cggd-02\obj\debug\10. anti-aliasing\acceleration_structures.obj
\\mac\home\documents\iu-cggd-02-daria\obj\debug\10. anti-aliasing\vc142.pdb
\\mac\home\documents\iu-cggd-02-daria\obj\debug\10. anti-aliasing\ray_generation.obj
\\mac\home\documents\iu-cggd-02-daria\obj\debug\10. anti-aliasing\mt_algorithm.obj
\\mac\home\documents\iu-cggd-02-daria\obj\debug\10. anti-aliasing\lighting_and_shadows.obj
\\mac\home\documents\iu-cggd-02-daria\obj\debug\10. anti-aliasing\anti_aliasing_main.obj
\\mac\home\documents\iu-cggd-02-daria\obj\debug\10. anti-aliasing\anti_aliasing.obj
\\mac\home\documents\iu-cggd-02-daria\obj\debug\10. anti-aliasing\acceleration_structures.obj
\\mac\home\documents\iu-cggd-02-daria\obj\debug\10. anti-aliasing\10. anti.d5d13b56.tlog\link.read.1.tlog
\\mac\home\documents\iu-cggd-02-daria\obj\debug\10. anti-aliasing\10. anti.d5d13b56.tlog\link.command.1.tlog
\\mac\home\documents\iu-cggd-02-daria\obj\debug\10. anti-aliasing\10. anti.d5d13b56.tlog\link.write.1.tlog
\\mac\home\documents\iu-cggd-02-daria\obj\debug\10. anti-aliasing\10. anti.d5d13b56.tlog\cl.read.1.tlog
\\mac\home\documents\iu-cggd-02-daria\obj\debug\10. anti-aliasing\10. anti.d5d13b56.tlog\cl.command.1.tlog
\\mac\home\documents\iu-cggd-02-daria\obj\debug\10. anti-aliasing\10. anti.d5d13b56.tlog\cl.write.1.tlog
